<?xml version="1.0" encoding="UTF-8"?>
<!-- Generated by org.testng.reporters.JUnitXMLReporter -->
<testsuite ignored="2" hostname="MOHAMEDs-MBP" failures="0" tests="3" name="Test" time="20.137" errors="0" timestamp="2022-03-08T19:39:53 EET">
  <testcase classname="Tests.Registeration_Test" name="user_Registeration" time="5.97"/>
  <testcase classname="Tests.BuyMacBook_Test" name="userBuy_MacBook" time="5.3"/>
  <testcase classname="Tests.BuyIphone_test" name="Buy_Iphone" time="2.279"/>
  <testcase classname="Tests.testBase" name="@BeforeTest setUp" time="0.0">
    <ignored/>
  </testcase> <!-- @BeforeTest setUp -->
  <testcase classname="Tests.testBase" name="@BeforeTest setUp" time="0.0">
    <ignored/>
  </testcase> <!-- @BeforeTest setUp -->
</testsuite> <!-- Test -->
